--- INITIALIZING MESH AUDIT v3.1 [2026-03-05T08:00:08.303580] ---
{
  "version": "3.0-MESH",
  "timestamp": "2026-03-05T08:00:08.303580",
  "mesh_status": "DRIFTING",
  "layers": {
    "L1_CONTROL": {
      "health": 0.8,
      "violations": [
        "PULSE WEAK: Last heartbeat was 49.2h ago (Threshold: 24h)."
      ]
    },
    "L2_PRODUCTION": {
      "health": 0.9,
      "violations": [
        "SIZE DRIFT: 343.3MB > 100MB"
      ]
    },
    "L3_ARCHIVE": {
      "health": 1.0,
      "violations": []
    }
  },
  "overall_score": 90
}
